<?xml version="1.0" encoding="UTF-8"?>
<testng-results ignored="0" total="20" passed="19" failed="1" skipped="0">
  <reporter-output>
  </reporter-output>
  <suite started-at="2023-09-26T17:27:55 IST" name="Default suite" finished-at="2023-09-26T17:29:56 IST" duration-ms="121781">
    <groups>
    </groups>
    <test started-at="2023-09-26T17:27:55 IST" name="Default test" finished-at="2023-09-26T17:29:56 IST" duration-ms="121781">
      <class name="com.clirnet.sanity.ClirnetSanity">
        <test-method signature="HomeReadMedwiki()[pri:0, instance:com.clirnet.sanity.ClirnetSanity@3e58a80e]" started-at="2023-09-26T17:27:55 IST" name="HomeReadMedwiki" finished-at="2023-09-26T17:28:10 IST" duration-ms="15090" status="PASS">
          <reporter-output>
          </reporter-output>
        </test-method> <!-- HomeReadMedwiki -->
        <test-method signature="homeclick()[pri:1, instance:com.clirnet.sanity.ClirnetSanity@3e58a80e]" started-at="2023-09-26T17:28:10 IST" name="homeclick" finished-at="2023-09-26T17:28:10 IST" duration-ms="565" status="PASS">
          <reporter-output>
          </reporter-output>
        </test-method> <!-- homeclick -->
        <test-method signature="doctubeclick()[pri:2, instance:com.clirnet.sanity.ClirnetSanity@3e58a80e]" started-at="2023-09-26T17:28:10 IST" name="doctubeclick" finished-at="2023-09-26T17:28:12 IST" duration-ms="2233" status="PASS">
          <reporter-output>
          </reporter-output>
        </test-method> <!-- doctubeclick -->
        <test-method signature="communityclick()[pri:3, instance:com.clirnet.sanity.ClirnetSanity@3e58a80e]" started-at="2023-09-26T17:28:12 IST" name="communityclick" finished-at="2023-09-26T17:28:14 IST" duration-ms="1033" status="PASS">
          <reporter-output>
          </reporter-output>
        </test-method> <!-- communityclick -->
        <test-method signature="ExploreClick()[pri:4, instance:com.clirnet.sanity.ClirnetSanity@3e58a80e]" started-at="2023-09-26T17:28:14 IST" name="ExploreClick" finished-at="2023-09-26T17:28:14 IST" duration-ms="156" status="PASS">
          <reporter-output>
          </reporter-output>
        </test-method> <!-- ExploreClick -->
        <test-method signature="LiveCMEClick()[pri:5, instance:com.clirnet.sanity.ClirnetSanity@3e58a80e]" started-at="2023-09-26T17:28:14 IST" name="LiveCMEClick" finished-at="2023-09-26T17:28:16 IST" duration-ms="2640" status="PASS">
          <reporter-output>
          </reporter-output>
        </test-method> <!-- LiveCMEClick -->
        <test-method signature="LiveMedWikiClick()[pri:6, instance:com.clirnet.sanity.ClirnetSanity@3e58a80e]" started-at="2023-09-26T17:28:16 IST" name="LiveMedWikiClick" finished-at="2023-09-26T17:28:20 IST" duration-ms="3303" status="PASS">
          <reporter-output>
          </reporter-output>
        </test-method> <!-- LiveMedWikiClick -->
        <test-method signature="ClinicalvideoClick()[pri:7, instance:com.clirnet.sanity.ClirnetSanity@3e58a80e]" started-at="2023-09-26T17:28:20 IST" name="ClinicalvideoClick" finished-at="2023-09-26T17:28:28 IST" duration-ms="8504" status="PASS">
          <reporter-output>
          </reporter-output>
        </test-method> <!-- ClinicalvideoClick -->
        <test-method signature="ClickGrandRounds()[pri:8, instance:com.clirnet.sanity.ClirnetSanity@3e58a80e]" started-at="2023-09-26T17:28:28 IST" name="ClickGrandRounds" finished-at="2023-09-26T17:28:33 IST" duration-ms="4889" status="PASS">
          <reporter-output>
          </reporter-output>
        </test-method> <!-- ClickGrandRounds -->
        <test-method signature="CoursesClick()[pri:9, instance:com.clirnet.sanity.ClirnetSanity@3e58a80e]" started-at="2023-09-26T17:28:33 IST" name="CoursesClick" finished-at="2023-09-26T17:28:36 IST" duration-ms="2558" status="PASS">
          <reporter-output>
          </reporter-output>
        </test-method> <!-- CoursesClick -->
        <test-method signature="PollClick()[pri:10, instance:com.clirnet.sanity.ClirnetSanity@3e58a80e]" started-at="2023-09-26T17:28:36 IST" name="PollClick" finished-at="2023-09-26T17:28:43 IST" duration-ms="7100" status="PASS">
          <reporter-output>
          </reporter-output>
        </test-method> <!-- PollClick -->
        <test-method signature="DDXClick()[pri:11, instance:com.clirnet.sanity.ClirnetSanity@3e58a80e]" started-at="2023-09-26T17:28:43 IST" name="DDXClick" finished-at="2023-09-26T17:28:47 IST" duration-ms="4581" status="PASS">
          <reporter-output>
          </reporter-output>
        </test-method> <!-- DDXClick -->
        <test-method signature="Epaper()[pri:12, instance:com.clirnet.sanity.ClirnetSanity@3e58a80e]" started-at="2023-09-26T17:28:47 IST" name="Epaper" finished-at="2023-09-26T17:28:51 IST" duration-ms="3451" status="PASS">
          <reporter-output>
          </reporter-output>
        </test-method> <!-- Epaper -->
        <test-method signature="Telemed()[pri:13, instance:com.clirnet.sanity.ClirnetSanity@3e58a80e]" started-at="2023-09-26T17:28:51 IST" name="Telemed" finished-at="2023-09-26T17:28:55 IST" duration-ms="3738" status="PASS">
          <reporter-output>
          </reporter-output>
        </test-method> <!-- Telemed -->
        <test-method signature="DR()[pri:14, instance:com.clirnet.sanity.ClirnetSanity@3e58a80e]" started-at="2023-09-26T17:28:55 IST" name="DR" finished-at="2023-09-26T17:28:56 IST" duration-ms="1136" status="PASS">
          <reporter-output>
          </reporter-output>
        </test-method> <!-- DR -->
        <test-method signature="EditProfile()[pri:15, instance:com.clirnet.sanity.ClirnetSanity@3e58a80e]" started-at="2023-09-26T17:28:56 IST" name="EditProfile" finished-at="2023-09-26T17:29:15 IST" duration-ms="18983" status="PASS">
          <reporter-output>
          </reporter-output>
        </test-method> <!-- EditProfile -->
        <test-method signature="HeaderNavigation()[pri:16, instance:com.clirnet.sanity.ClirnetSanity@3e58a80e]" started-at="2023-09-26T17:29:15 IST" name="HeaderNavigation" finished-at="2023-09-26T17:29:29 IST" duration-ms="14459" status="PASS">
          <reporter-output>
          </reporter-output>
        </test-method> <!-- HeaderNavigation -->
        <test-method signature="TrendingNowClick()[pri:17, instance:com.clirnet.sanity.ClirnetSanity@3e58a80e]" started-at="2023-09-26T17:29:29 IST" name="TrendingNowClick" finished-at="2023-09-26T17:29:29 IST" duration-ms="45" status="FAIL">
          <exception class="org.openqa.selenium.NoSuchElementException">
            <message>
              <![CDATA[no such element: Unable to locate element: {"method":"xpath","selector":"//h4[contains(.,'CLIRNET PG Forum')]"}
  (Session info: chrome=116.0.5845.188)
For documentation on this error, please visit: https://www.selenium.dev/documentation/webdriver/troubleshooting/errors#no-such-element-exception
Build info: version: '4.11.0', revision: '040bc5406b'
System info: os.name: 'Windows 11', os.arch: 'amd64', os.version: '10.0', java.version: '18'
Driver info: org.openqa.selenium.chrome.ChromeDriver
Command: [2286cf3b98d97592289c856f691d6d42, findElement {using=xpath, value=//h4[contains(.,'CLIRNET PG Forum')]}]
Capabilities {acceptInsecureCerts: false, browserName: chrome, browserVersion: 116.0.5845.188, chrome: {chromedriverVersion: 116.0.5845.96 (1a3918166880..., userDataDir: C:\Users\Test\AppData\Local...}, fedcm:accounts: true, goog:chromeOptions: {debuggerAddress: localhost:52773}, networkConnectionEnabled: false, pageLoadStrategy: normal, platformName: windows, proxy: Proxy(), se:cdp: ws://localhost:52773/devtoo..., se:cdpVersion: 116.0.5845.188, setWindowRect: true, strictFileInteractability: false, timeouts: {implicit: 0, pageLoad: 300000, script: 30000}, unhandledPromptBehavior: dismiss and notify, webauthn:extension:credBlob: true, webauthn:extension:largeBlob: true, webauthn:extension:minPinLength: true, webauthn:extension:prf: true, webauthn:virtualAuthenticators: true}
Session ID: 2286cf3b98d97592289c856f691d6d42]]>
            </message>
            <full-stacktrace>
              <![CDATA[org.openqa.selenium.NoSuchElementException: no such element: Unable to locate element: {"method":"xpath","selector":"//h4[contains(.,'CLIRNET PG Forum')]"}
  (Session info: chrome=116.0.5845.188)
For documentation on this error, please visit: https://www.selenium.dev/documentation/webdriver/troubleshooting/errors#no-such-element-exception
Build info: version: '4.11.0', revision: '040bc5406b'
System info: os.name: 'Windows 11', os.arch: 'amd64', os.version: '10.0', java.version: '18'
Driver info: org.openqa.selenium.chrome.ChromeDriver
Command: [2286cf3b98d97592289c856f691d6d42, findElement {using=xpath, value=//h4[contains(.,'CLIRNET PG Forum')]}]
Capabilities {acceptInsecureCerts: false, browserName: chrome, browserVersion: 116.0.5845.188, chrome: {chromedriverVersion: 116.0.5845.96 (1a3918166880..., userDataDir: C:\Users\Test\AppData\Local...}, fedcm:accounts: true, goog:chromeOptions: {debuggerAddress: localhost:52773}, networkConnectionEnabled: false, pageLoadStrategy: normal, platformName: windows, proxy: Proxy(), se:cdp: ws://localhost:52773/devtoo..., se:cdpVersion: 116.0.5845.188, setWindowRect: true, strictFileInteractability: false, timeouts: {implicit: 0, pageLoad: 300000, script: 30000}, unhandledPromptBehavior: dismiss and notify, webauthn:extension:credBlob: true, webauthn:extension:largeBlob: true, webauthn:extension:minPinLength: true, webauthn:extension:prf: true, webauthn:virtualAuthenticators: true}
Session ID: 2286cf3b98d97592289c856f691d6d42
at java.base/jdk.internal.reflect.DirectConstructorHandleAccessor.newInstance(DirectConstructorHandleAccessor.java:67)
at java.base/java.lang.reflect.Constructor.newInstanceWithCaller(Constructor.java:499)
at java.base/java.lang.reflect.Constructor.newInstance(Constructor.java:483)
at org.openqa.selenium.remote.codec.w3c.W3CHttpResponseCodec.createException(W3CHttpResponseCodec.java:200)
at org.openqa.selenium.remote.codec.w3c.W3CHttpResponseCodec.decode(W3CHttpResponseCodec.java:133)
at org.openqa.selenium.remote.codec.w3c.W3CHttpResponseCodec.decode(W3CHttpResponseCodec.java:52)
at org.openqa.selenium.remote.HttpCommandExecutor.execute(HttpCommandExecutor.java:191)
at org.openqa.selenium.remote.service.DriverCommandExecutor.invokeExecute(DriverCommandExecutor.java:196)
at org.openqa.selenium.remote.service.DriverCommandExecutor.execute(DriverCommandExecutor.java:171)
at org.openqa.selenium.remote.RemoteWebDriver.execute(RemoteWebDriver.java:518)
at org.openqa.selenium.remote.ElementLocation$ElementFinder$2.findElement(ElementLocation.java:165)
at org.openqa.selenium.remote.ElementLocation.findElement(ElementLocation.java:59)
at org.openqa.selenium.remote.RemoteWebDriver.findElement(RemoteWebDriver.java:355)
at org.openqa.selenium.remote.RemoteWebDriver.findElement(RemoteWebDriver.java:349)
at com.clirnet.sanity.ClirnetSanity.TrendingNowClick(ClirnetSanity.java:349)
at java.base/jdk.internal.reflect.DirectMethodHandleAccessor.invoke(DirectMethodHandleAccessor.java:104)
at java.base/java.lang.reflect.Method.invoke(Method.java:577)
at org.testng.internal.invokers.MethodInvocationHelper.invokeMethod(MethodInvocationHelper.java:139)
at org.testng.internal.invokers.TestInvoker.invokeMethod(TestInvoker.java:677)
at org.testng.internal.invokers.TestInvoker.invokeTestMethod(TestInvoker.java:221)
at org.testng.internal.invokers.MethodRunner.runInSequence(MethodRunner.java:50)
at org.testng.internal.invokers.TestInvoker$MethodInvocationAgent.invoke(TestInvoker.java:969)
at org.testng.internal.invokers.TestInvoker.invokeTestMethods(TestInvoker.java:194)
at org.testng.internal.invokers.TestMethodWorker.invokeTestMethods(TestMethodWorker.java:148)
at org.testng.internal.invokers.TestMethodWorker.run(TestMethodWorker.java:128)
at java.base/java.util.ArrayList.forEach(ArrayList.java:1511)
at org.testng.TestRunner.privateRun(TestRunner.java:829)
at org.testng.TestRunner.run(TestRunner.java:602)
at org.testng.SuiteRunner.runTest(SuiteRunner.java:437)
at org.testng.SuiteRunner.runSequentially(SuiteRunner.java:431)
at org.testng.SuiteRunner.privateRun(SuiteRunner.java:391)
at org.testng.SuiteRunner.run(SuiteRunner.java:330)
at org.testng.SuiteRunnerWorker.runSuite(SuiteRunnerWorker.java:52)
at org.testng.SuiteRunnerWorker.run(SuiteRunnerWorker.java:95)
at org.testng.TestNG.runSuitesSequentially(TestNG.java:1256)
at org.testng.TestNG.runSuitesLocally(TestNG.java:1176)
at org.testng.TestNG.runSuites(TestNG.java:1099)
at org.testng.TestNG.run(TestNG.java:1067)
at org.testng.remote.AbstractRemoteTestNG.run(AbstractRemoteTestNG.java:115)
at org.testng.remote.RemoteTestNG.initAndRun(RemoteTestNG.java:251)
at org.testng.remote.RemoteTestNG.main(RemoteTestNG.java:77)
]]>
            </full-stacktrace>
          </exception> <!-- org.openqa.selenium.NoSuchElementException -->
          <reporter-output>
          </reporter-output>
        </test-method> <!-- TrendingNowClick -->
        <test-method signature="EbookDetail()[pri:18, instance:com.clirnet.sanity.ClirnetSanity@3e58a80e]" started-at="2023-09-26T17:29:29 IST" name="EbookDetail" finished-at="2023-09-26T17:29:48 IST" duration-ms="18961" status="PASS">
          <reporter-output>
          </reporter-output>
        </test-method> <!-- EbookDetail -->
        <test-method signature="LiveCmeDetail()[pri:19, instance:com.clirnet.sanity.ClirnetSanity@3e58a80e]" started-at="2023-09-26T17:29:48 IST" name="LiveCmeDetail" finished-at="2023-09-26T17:29:56 IST" duration-ms="8113" status="PASS">
          <reporter-output>
          </reporter-output>
        </test-method> <!-- LiveCmeDetail -->
      </class> <!-- com.clirnet.sanity.ClirnetSanity -->
    </test> <!-- Default test -->
  </suite> <!-- Default suite -->
</testng-results>
